<?xml version="1.0" encoding="UTF-8"?>
<!-- Generated by org.testng.reporters.JUnitXMLReporter -->
<testsuite ignored="0" hostname="DESKTOP-TPK430V" failures="1" tests="1" name="Test" time="0.056" errors="0" timestamp="2023-11-22T12:12:04 IST">
  <testcase classname="testnewxe.AnnotationDemo" name="sampledemo" time="0.0">
    <failure type="org.testng.TestNGException" message="
Parameter &amp;apos;APIkey/username&amp;apos; is required by @Test on method sampledemo but has not been marked @Optional or defined
in C:\Users\Santhosh\eclipse-workspace\newtest\testng.xml">
      <![CDATA[org.testng.TestNGException: 
Parameter 'APIkey/username' is required by @Test on method sampledemo but has not been marked @Optional or defined
in C:\Users\Santhosh\eclipse-workspace\newtest\testng.xml
at java.base/java.util.ArrayList.forEach(ArrayList.java:1511)
... Removed 26 stack frames]]>
    </failure>
  </testcase> <!-- sampledemo -->
</testsuite> <!-- Test -->
